Determining if the pthread_create exist failed with the following output:
Change Dir: /home/anis/ros_workspace/kuka_controller/build/CMakeFiles/CMakeTmp

Run Build Command:"/usr/bin/make" "cmTC_3d2a9/fast"
make[1]: Entering directory `/home/anis/ros_workspace/kuka_controller/build/CMakeFiles/CMakeTmp'
/usr/bin/make -f CMakeFiles/cmTC_3d2a9.dir/build.make CMakeFiles/cmTC_3d2a9.dir/build
make[2]: Entering directory `/home/anis/ros_workspace/kuka_controller/build/CMakeFiles/CMakeTmp'
Building C object CMakeFiles/cmTC_3d2a9.dir/CheckSymbolExists.c.o
/usr/bin/cc    -o CMakeFiles/cmTC_3d2a9.dir/CheckSymbolExists.c.o   -c /home/anis/ros_workspace/kuka_controller/build/CMakeFiles/CMakeTmp/CheckSymbolExists.c
Linking C executable cmTC_3d2a9
/usr/bin/cmake -E cmake_link_script CMakeFiles/cmTC_3d2a9.dir/link.txt --verbose=1
/usr/bin/cc       CMakeFiles/cmTC_3d2a9.dir/CheckSymbolExists.c.o  -o cmTC_3d2a9 -rdynamic 
CMakeFiles/cmTC_3d2a9.dir/CheckSymbolExists.c.o: In function `main':
CheckSymbolExists.c:(.text+0x16): undefined reference to `pthread_create'
collect2: ld returned 1 exit status
make[2]: *** [cmTC_3d2a9] Error 1
make[2]: Leaving directory `/home/anis/ros_workspace/kuka_controller/build/CMakeFiles/CMakeTmp'
make[1]: *** [cmTC_3d2a9/fast] Error 2
make[1]: Leaving directory `/home/anis/ros_workspace/kuka_controller/build/CMakeFiles/CMakeTmp'

File /home/anis/ros_workspace/kuka_controller/build/CMakeFiles/CMakeTmp/CheckSymbolExists.c:
/* */
#include <pthread.h>

int main(int argc, char** argv)
{
  (void)argv;
#ifndef pthread_create
  return ((int*)(&pthread_create))[argc];
#else
  (void)argc;
  return 0;
#endif
}

Determining if the function pthread_create exists in the pthreads failed with the following output:
Change Dir: /home/anis/ros_workspace/kuka_controller/build/CMakeFiles/CMakeTmp

Run Build Command:"/usr/bin/make" "cmTC_e08bc/fast"
make[1]: Entering directory `/home/anis/ros_workspace/kuka_controller/build/CMakeFiles/CMakeTmp'
/usr/bin/make -f CMakeFiles/cmTC_e08bc.dir/build.make CMakeFiles/cmTC_e08bc.dir/build
make[2]: Entering directory `/home/anis/ros_workspace/kuka_controller/build/CMakeFiles/CMakeTmp'
Building C object CMakeFiles/cmTC_e08bc.dir/CheckFunctionExists.c.o
/usr/bin/cc   -DCHECK_FUNCTION_EXISTS=pthread_create   -o CMakeFiles/cmTC_e08bc.dir/CheckFunctionExists.c.o   -c /usr/share/cmake-3.3/Modules/CheckFunctionExists.c
Linking C executable cmTC_e08bc
/usr/bin/cmake -E cmake_link_script CMakeFiles/cmTC_e08bc.dir/link.txt --verbose=1
/usr/bin/cc   -DCHECK_FUNCTION_EXISTS=pthread_create    CMakeFiles/cmTC_e08bc.dir/CheckFunctionExists.c.o  -o cmTC_e08bc -rdynamic -lpthreads 
/usr/bin/ld: cannot find -lpthreads
collect2: ld returned 1 exit status
make[2]: *** [cmTC_e08bc] Error 1
make[2]: Leaving directory `/home/anis/ros_workspace/kuka_controller/build/CMakeFiles/CMakeTmp'
make[1]: *** [cmTC_e08bc/fast] Error 2
make[1]: Leaving directory `/home/anis/ros_workspace/kuka_controller/build/CMakeFiles/CMakeTmp'


