0.000 [ Info   ][Logger] No ORO_LOGLEVEL environment variable set.
0.000 [ Info   ][Logger]  OROCOS version '2.5.0' compiled with GCC 4.6.3. Running in GNU/Linux.
0.000 [ Info   ][Logger] Orocos Logging Activated at level : [ Warning] ( 4 ) 
0.000 [ Info   ][Logger] Reference System Time is : 1491417182453011370 ticks ( 1.49142e+09 seconds ).
0.000 [ Info   ][Logger] Logging is relative to this time.
0.000 [ Info   ][Logger] Loading typekit libraries from directory /home/anis/Desktop/XDE/xde/bin/types ...
0.026 [ Info   ][TypekitRepository::Import] Loading Typekit XDETypekitPlugin.
0.027 [ Info   ][Logger] Loaded RTT TypeKit/Transport 'XDETypekitPlugin' from 'XDE-typekit.so'
0.036 [ Info   ][TypekitRepository::Import] Loading Transport CORBA://xde/corba.
0.036 [ Info   ][TypekitRepository::Import] Registered new 'CORBA' transport for AngularVelocityd
0.036 [ Info   ][TypekitRepository::Import] Registered new 'CORBA' transport for Displacementd
0.036 [ Info   ][TypekitRepository::Import] Registered new 'CORBA' transport for Matrix4d
0.036 [ Info   ][TypekitRepository::Import] Registered new 'CORBA' transport for Matrix6Xd
0.036 [ Info   ][TypekitRepository::Import] Registered new 'CORBA' transport for Matrix6d
0.036 [ Info   ][TypekitRepository::Import] Registered new 'CORBA' transport for MatrixXd
0.036 [ Info   ][TypekitRepository::Import] Registered new 'CORBA' transport for Msg
0.036 [ Info   ][TypekitRepository::Import] Registered new 'CORBA' transport for Rotation3d
0.036 [ Info   ][TypekitRepository::Import] Registered new 'CORBA' transport for SMsg
0.036 [ Info   ][TypekitRepository::Import] Registered new 'CORBA' transport for Torqued
0.036 [ Info   ][TypekitRepository::Import] Registered new 'CORBA' transport for Twistd
0.036 [ Info   ][TypekitRepository::Import] Registered new 'CORBA' transport for Vector3d
0.036 [ Info   ][TypekitRepository::Import] Registered new 'CORBA' transport for Vector4d
0.036 [ Info   ][TypekitRepository::Import] Registered new 'CORBA' transport for VectorXd
0.036 [ Info   ][TypekitRepository::Import] Registered new 'CORBA' transport for Wrenchd
0.036 [ Info   ][TypekitRepository::Import] Registered new 'CORBA' transport for map_string_Displacementd
0.036 [ Info   ][TypekitRepository::Import] Registered new 'CORBA' transport for map_string_double
0.036 [ Info   ][TypekitRepository::Import] Registered new 'CORBA' transport for map_string_string
0.036 [ Info   ][TypekitRepository::Import] Registered new 'CORBA' transport for pair_int_int
0.036 [ Info   ][TypekitRepository::Import] Registered new 'CORBA' transport for pair_vector_float_vector_uint
0.036 [ Info   ][TypekitRepository::Import] Registered new 'CORBA' transport for ptree
0.036 [ Info   ][TypekitRepository::Import] Registered new 'CORBA' transport for vector_Displacementd
0.036 [ Info   ][TypekitRepository::Import] Registered new 'CORBA' transport for vector_Twistd
0.036 [ Info   ][TypekitRepository::Import] Registered new 'CORBA' transport for vector_int
0.036 [ Info   ][TypekitRepository::Import] Registered new 'CORBA' transport for vector_pair_Displacementd_string
0.036 [ Info   ][TypekitRepository::Import] Registered new 'CORBA' transport for vector_pair_int_Displacementd
0.036 [ Info   ][TypekitRepository::Import] Registered new 'CORBA' transport for vector_pair_pair_Displacementd_Twistd_string
0.036 [ Info   ][TypekitRepository::Import] Registered new 'CORBA' transport for vector_pair_string_int
0.036 [ Info   ][TypekitRepository::Import] Registered new 'CORBA' transport for vector_pair_string_string
0.036 [ Info   ][TypekitRepository::Import] Registered new 'CORBA' transport for vector_string
0.036 [ Info   ][Logger] Loaded RTT TypeKit/Transport 'XDECorbaPlugin' from 'XDE-transport-corba.so'
0.036 [ Info   ][Logger] Loading typekit libraries from directory /usr/lib/orocos/gnulinux/types ...
0.038 [ Info   ][TypekitRepository::Import] Loading Transport mqueue://rtt-types.
0.038 [ Info   ][Logger] Loaded RTT TypeKit/Transport 'rtt-mqueue-transport' from 'rtt-transport-mqueue'
0.039 [ Info   ][TypekitRepository::Import] Loading Transport CORBA://rtt-types.
0.039 [ Info   ][Logger] Loaded RTT TypeKit/Transport 'rtt-corba-types' from 'rtt-transport-corba'
0.051 [ Info   ][TypekitRepository::Import] Loading Typekit rtt-types.
0.051 [ Info   ][TypekitRepository::Import] Registered new 'mqueue' transport for int
0.051 [ Info   ][TypekitRepository::Import] Registered new 'CORBA' transport for int
0.051 [ Info   ][TypekitRepository::Import] Registered new 'mqueue' transport for uint
0.051 [ Info   ][TypekitRepository::Import] Registered new 'CORBA' transport for uint
0.051 [ Info   ][TypekitRepository::Import] Registered new 'mqueue' transport for double
0.051 [ Info   ][TypekitRepository::Import] Registered new 'CORBA' transport for double
0.051 [ Info   ][TypekitRepository::Import] Registered new 'mqueue' transport for float
0.051 [ Info   ][TypekitRepository::Import] Registered new 'CORBA' transport for float
0.051 [ Info   ][TypekitRepository::Import] Registered new 'mqueue' transport for char
0.051 [ Info   ][TypekitRepository::Import] Registered new 'CORBA' transport for char
0.051 [ Info   ][TypekitRepository::Import] Registered new 'mqueue' transport for bool
0.051 [ Info   ][TypekitRepository::Import] Registered new 'CORBA' transport for bool
0.051 [ Info   ][TypekitRepository::Import] Registered new 'CORBA' transport for void
0.051 [ Info   ][TypekitRepository::Import] Registered new 'CORBA' transport for ConnPolicy
0.051 [ Info   ][TypekitRepository::Import] Registered new 'CORBA' transport for TaskContext
0.051 [ Info   ][TypekitRepository::Import] Registered new 'CORBA' transport for string
0.051 [ Info   ][TypekitRepository::Import] Registered new 'mqueue' transport for array
0.051 [ Info   ][TypekitRepository::Import] Registered new 'CORBA' transport for array
0.051 [ Info   ][Logger] Loaded RTT TypeKit/Transport 'rtt-types' from 'rtt-typekit'
0.051 [ Info   ][Logger] Loading plugin libraries from directory /usr/lib/orocos/gnulinux/plugins ...
0.057 [ Info   ][Logger] Loaded RTT Service 'scripting' from 'rtt-scripting'
0.058 [ Info   ][Logger] Loaded RTT Service 'marshalling' from 'rtt-marshalling'
0.178 [ Info   ][Thread] Creating Thread for scheduler=ORO_SCHED_OTHER, priority=0, CPU affinity=0, with name='deployment'
0.178 [ Info   ][deployment] Thread created with scheduler type 'ORO_SCHED_OTHER', priority 0, cpu affinity 255 and period 0 (PID= 11751 ).
0.178 [ Info   ][Thread] Creating Thread for scheduler=ORO_SCHED_OTHER, priority=0, CPU affinity=0, with name='GlobalEngine'
0.178 [ Info   ][GlobalEngine] Thread created with scheduler type 'ORO_SCHED_OTHER', priority 0, cpu affinity 255 and period 0 (PID= 11754 ).
0.178 [ Warning][Service::addLocalOperation] While adding Operation: 'loadService': replacing previously added operation.
0.178 [ Info   ][DeploymentComponent::configure] RTT_COMPONENT_PATH was set to /home/anis/Desktop/XDE/xde/bin/ocl
0.178 [ Info   ][DeploymentComponent::configure] Re-scanning for plugins and components...
0.178 [ Info   ][Logger] No site file was found. Importing 'ocl' by default.
0.178 [ ERROR  ][DeploymentComponent::import] No such package or directory found in search path: ocl. Search path is: 
0.178 [ ERROR  ][DeploymentComponent::import] /home/anis/Desktop/XDE/xde/bin/ocl:.
0.178 [ ERROR  ][DeploymentComponent::import] /home/anis/Desktop/XDE/xde/bin/ocl/ocl
0.178 [ ERROR  ][DeploymentComponent::import] /home/anis/Desktop/XDE/xde/bin/ocl/gnulinux/ocl
0.178 [ ERROR  ][DeploymentComponent::import] ./ocl
0.178 [ ERROR  ][DeploymentComponent::import] ./gnulinux/ocl
0.410 [ Info   ][Logger] Loading typekit libraries from directory /home/anis/Desktop/XDE/xde/bin/types ...
0.410 [ Info   ][Logger] Loading typekit libraries from directory /usr/lib/orocos/gnulinux/types ...
0.410 [ Info   ][Logger] Loading typekit libraries from directory /home/anis/Desktop/XDE/xde/bin/types ...
0.410 [ Info   ][Logger] Loading typekit libraries from directory /usr/lib/orocos/gnulinux/types ...
0.410 [ Info   ][Logger] Loading plugin libraries from directory /usr/lib/orocos/gnulinux/plugins ...
0.410 [ Info   ][Logger] Loading plugin libraries from directory /usr/lib/orocos/gnulinux/plugins ...
0.414 [ Info   ][DeploymentComponent::import] Loaded component type 'dio::Clock'
0.414 [ Info   ][Thread] Creating Thread for scheduler=ORO_SCHED_OTHER, priority=0, CPU affinity=0, with name='clock'
0.414 [ Info   ][clock] Thread created with scheduler type 'ORO_SCHED_OTHER', priority 0, cpu affinity 255 and period 0 (PID= 11762 ).
0.415 [ Info   ][clock] Creating component: clock
0.415 [ Info   ][Thread] Creating Thread for scheduler=ORO_SCHED_OTHER, priority=0, CPU affinity=0, with name='Activity'
0.415 [ Info   ][Activity] Thread created with scheduler type 'ORO_SCHED_OTHER', priority 0, cpu affinity 255 and period 0 (PID= 11770 ).
0.415 [ Warning][DeploymentComponent::loadComponent] Forcing priority (99) of thread with SCHED_OTHER policy to 0.
0.415 [ Warning][Service::addLocalOperation] While adding Operation: 'setPeriod': replacing previously added operation.
0.415 [ Info   ][DeploymentComponent::loadComponent] Adding clock as new peer:  OK.
0.468 [ Info   ][DeploymentComponent::import] Loaded component type 'xdefw::physics::PhysicAgent'
0.468 [ Info   ][Thread] Creating Thread for scheduler=ORO_SCHED_OTHER, priority=0, CPU affinity=0, with name='physic'
0.468 [ Info   ][physic] Thread created with scheduler type 'ORO_SCHED_OTHER', priority 0, cpu affinity 255 and period 0 (PID= 11771 ).
0.468 [ Info   ][Thread] Creating Thread for scheduler=ORO_SCHED_OTHER, priority=0, CPU affinity=0, with name='physic.lock_task'
0.468 [ Info   ][physic.lock_task] Thread created with scheduler type 'ORO_SCHED_OTHER', priority 0, cpu affinity 255 and period 0 (PID= 11772 ).
0.468 [ Info   ][Thread] Creating Thread for scheduler=ORO_SCHED_RT, priority=0, CPU affinity=0, with name='Activity'
0.468 [ Warning][Thread] Lowering scheduler type to SCHED_OTHER for non-privileged users..
0.468 [ Warning][Activity] Lowering scheduler type to SCHED_OTHER for non-privileged users..
0.469 [ Info   ][Activity] Thread created with scheduler type 'ORO_SCHED_OTHER', priority 0, cpu affinity 255 and period 0.01 (PID= 11773 ).
0.469 [ Warning][DeploymentComponent::loadComponent] Forcing priority (99) of thread with SCHED_OTHER policy to 0.
0.471 [ Warning][Service::addLocalOperation] While adding Operation: 'setPeriod': replacing previously added operation.
0.471 [ Info   ][DeploymentComponent::loadComponent] Adding physic as new peer:  OK.
0.552 [ Warning][Logger] 'addPort' clock_trigger: name already in use. Disconnecting and replacing previous port with new one.
0.681 [ Info   ][DeploymentComponent::import] Loaded component type 'xdefw::graphics::GraphicAgent'
0.682 [ Info   ][Thread] Creating Thread for scheduler=ORO_SCHED_OTHER, priority=0, CPU affinity=0, with name='graphic'
0.682 [ Info   ][graphic] Thread created with scheduler type 'ORO_SCHED_OTHER', priority 0, cpu affinity 255 and period 0 (PID= 11775 ).
0.682 [ Info   ][Thread] Creating Thread for scheduler=ORO_SCHED_OTHER, priority=0, CPU affinity=0, with name='graphic.lock_task'
0.682 [ Info   ][graphic.lock_task] Thread created with scheduler type 'ORO_SCHED_OTHER', priority 0, cpu affinity 255 and period 0 (PID= 11776 ).
0.684 [ Info   ][Thread] Creating Thread for scheduler=ORO_SCHED_RT, priority=0, CPU affinity=0, with name='Activity'
0.684 [ Warning][Thread] Lowering scheduler type to SCHED_OTHER for non-privileged users..
0.684 [ Warning][Activity] Lowering scheduler type to SCHED_OTHER for non-privileged users..
0.684 [ Info   ][Activity] Thread created with scheduler type 'ORO_SCHED_OTHER', priority 0, cpu affinity 255 and period 0.1 (PID= 11777 ).
0.684 [ Info   ][Thread] Creating Thread for scheduler=ORO_SCHED_OTHER, priority=0, CPU affinity=0, with name='dio/factory/graphic_KMfactory'
0.684 [ Info   ][dio/factory/graphic_KMfactory] Thread created with scheduler type 'ORO_SCHED_OTHER', priority 0, cpu affinity 255 and period 0 (PID= 11778 ).
0.684 [ Info   ][dio/factory/graphic_KMfactory] Creating factory: graphic_KMfactory
0.684 [ Info   ][DeploymentComponent::loadComponent] Adding graphic as new peer:  OK.
1.411 [ Info   ][Thread] Creating Thread for scheduler=ORO_SCHED_OTHER, priority=0, CPU affinity=0, with name='MarkerManager'
1.411 [ Info   ][MarkerManager] Thread created with scheduler type 'ORO_SCHED_OTHER', priority 0, cpu affinity 255 and period 0 (PID= 11789 ).
2.779 [ Info   ][DeploymentComponent::import] Loaded component type 'XDE_SimpleController'
2.779 [ Info   ][Thread] Creating Thread for scheduler=ORO_SCHED_OTHER, priority=0, CPU affinity=0, with name='control'
2.779 [ Info   ][control] Thread created with scheduler type 'ORO_SCHED_OTHER', priority 0, cpu affinity 255 and period 0 (PID= 11790 ).
2.780 [ Info   ][DeploymentComponent::loadComponent] Adding control as new peer:  OK.
3.993 [ Warning][Logger] 'addPort' kuka_tau: name already in use. Disconnecting and replacing previous port with new one.
4.021 [ Info   ][Thread] Creating Thread for scheduler=ORO_SCHED_OTHER, priority=0, CPU affinity=0, with name='getLocalDisplacement_07_ob1'
4.021 [ Info   ][getLocalDisplacement_07_ob1] Thread created with scheduler type 'ORO_SCHED_OTHER', priority 0, cpu affinity 255 and period 0 (PID= 11791 ).
4.036 [ Warning][Logger] 'addPort' contacts: name already in use. Disconnecting and replacing previous port with new one.
4.039 [ Warning][Logger] 'addPort' contacts: name already in use. Disconnecting and replacing previous port with new one.
4.045 [ Info   ][Thread] Creating Thread for scheduler=ORO_SCHED_OTHER, priority=0, CPU affinity=0, with name='GlobalDistanceVisualizer'
4.045 [ Info   ][GlobalDistanceVisualizer] Thread created with scheduler type 'ORO_SCHED_OTHER', priority 0, cpu affinity 255 and period 0 (PID= 11792 ).
4.064 [ Info   ][Thread] Creating Thread for scheduler=ORO_SCHED_OTHER, priority=0, CPU affinity=0, with name='control_param'
4.064 [ Info   ][control_param] Thread created with scheduler type 'ORO_SCHED_OTHER', priority 0, cpu affinity 255 and period 0 (PID= 11794 ).
4.090 [ Info   ][Thread] Creating Thread for scheduler=ORO_SCHED_OTHER, priority=0, CPU affinity=0, with name='smi'
4.090 [ Info   ][smi] Thread created with scheduler type 'ORO_SCHED_OTHER', priority 0, cpu affinity 255 and period 0 (PID= 11797 ).
4.114 [ Info   ][DeploymentComponent::import] Loaded component type 'dio::SpaceMouseFactory'
4.119 [ Info   ][Thread] Creating Thread for scheduler=ORO_SCHED_OTHER, priority=0, CPU affinity=0, with name='dio/factory/smf'
4.123 [ Info   ][dio/factory/smf] Thread created with scheduler type 'ORO_SCHED_OTHER', priority 0, cpu affinity 255 and period 0 (PID= 11803 ).
4.123 [ Info   ][dio/factory/smf] Creating factory: smf
4.123 [ Info   ][DeploymentComponent::loadComponent] Adding dio/factory/smf as new peer:  OK.
4.139 [ Info   ][Thread] Creating Thread for scheduler=ORO_SCHED_OTHER, priority=0, CPU affinity=0, with name='dio/hw/smf'
4.139 [ Info   ][dio/hw/smf] Thread created with scheduler type 'ORO_SCHED_OTHER', priority 0, cpu affinity 255 and period 0 (PID= 11809 ).
4.139 [ Info   ][dio/hw/smf] Creating harware: smf
4.139 [ Warning][Service::addLocalOperation] While adding Operation: 'start': replacing previously added operation.
4.139 [ Warning][Service::addLocalOperation] While adding Operation: 'stop': replacing previously added operation.
4.139 [ Warning][Service::addLocalOperation] While adding Operation: 'cleanup': replacing previously added operation.
4.139 [ Warning][Service::addLocalOperation] While adding Operation: 'configure': replacing previously added operation.
4.139 [ Info   ][Thread] Creating Thread for scheduler=ORO_SCHED_RT, priority=1, CPU affinity=0, with name='Activity'
4.139 [ Warning][Thread] Lowering scheduler type to SCHED_OTHER for non-privileged users..
4.139 [ Warning][Activity] Lowering scheduler type to SCHED_OTHER for non-privileged users..
4.139 [ Info   ][Activity] Thread created with scheduler type 'ORO_SCHED_OTHER', priority 0, cpu affinity 255 and period 0.005 (PID= 11810 ).
4.158 [ Info   ][dio/hw/smf] dio/hw/smf has been started
